<?xml version="1.0" encoding="UTF-8"?>
<!-- Generated by org.testng.reporters.JUnitReportReporter -->
<testsuite skipped="0" hostname="Bikash-ThinkPad-E14-Gen-3" name="day1" tests="1" failures="0" timestamp="2022-04-14T12:09:17 IST" time="0.004" errors="0">
  <testcase name="Demo" time="0.004" classname="day1"/>
  <system-out/>
</testsuite> <!-- day1 -->
