<?xml version="1.0" encoding="UTF-8"?>
<!-- Generated by org.testng.reporters.JUnitReportReporter -->
<testsuite skipped="0" hostname="Bikash-ThinkPad-E14-Gen-3" name="StaticDropdown" tests="1" failures="0" timestamp="2022-04-14T12:09:17 IST" time="5.395" errors="0">
  <testcase name="staticDropdown" time="5.395" classname="StaticDropdown"/>
  <system-out/>
</testsuite> <!-- StaticDropdown -->
