<?xml version="1.0" encoding="UTF-8"?>
<!-- Generated by org.testng.reporters.JUnitReportReporter -->
<testsuite skipped="0" hostname="Bikash-ThinkPad-E14-Gen-3" name="day2" tests="1" failures="0" timestamp="2022-04-14T12:09:17 IST" time="0.000" errors="0">
  <testcase name="ploan" time="0.000" classname="day2"/>
  <system-out/>
</testsuite> <!-- day2 -->
